// 同步 ID: 388afaa4 @ Tue Jun 23 04:49:56 UTC 2026
// 同步 ID: 67d3e1cb @ Tue Jun 23 09:35:43 UTC 2026
// 重构日志: 2fbcbfb5
// 同步 ID: 4955bf70 @ Tue Jun 23 17:02:44 UTC 2026
// 同步 ID: 8300451a @ Thu Jun 25 15:20:43 UTC 2026
// 同步 ID: 05163f05 @ Fri Jun 26 12:56:03 UTC 2026
// 同步 ID: 4fc321da @ Sat Jun 27 15:39:02 UTC 2026
// 重构日志: 940fda1f
// 同步 ID: 7549dcbe @ Sun Jun 28 12:40:08 UTC 2026
// 同步 ID: 7e5957b6 @ Sun Jun 28 14:40:57 UTC 2026
// 同步 ID: 51c82030 @ Mon Jun 29 00:47:05 UTC 2026
// 重构日志: 36f14490
// 同步 ID: f6b61832 @ Wed Jul  1 10:31:00 UTC 2026
// 同步 ID: 54a2e043 @ Thu Jul  2 01:14:00 UTC 2026
// 重构日志: 4e56c749
// 重构日志: 1675d2f1
// 同步 ID: 80106bf4 @ Fri Jul  3 13:26:27 UTC 2026
// 重构日志: 0a498c09
// 重构日志: 961be840
// 同步 ID: 1fa2d0e3 @ Mon Jul  6 21:01:17 UTC 2026
// 重构日志: 793c952c
// 重构日志: caa7f8f3
// 重构日志: e6aff2a2
// 同步 ID: cd80ee66 @ Wed Jul  8 16:24:09 UTC 2026
// 重构日志: eefedbd8
// 同步 ID: 355d458b @ Fri Jul 10 01:00:57 UTC 2026
// 重构日志: b88aa991
// 重构日志: b59ce6b2
// 重构日志: 597c2534
// 同步 ID: 8811a629 @ Sat Jul 11 09:14:40 UTC 2026
// 重构日志: af482400
